<?xml version="1.0" encoding="UTF-8"?>
<!-- Generated by org.testng.reporters.JUnitReportReporter -->
<testsuite hostname="WIN-67665R6SBT9" failures="0" tests="1" name="samplePackage.Bank" time="19.512" errors="0" timestamp="2023-02-22T23:29:14 IST" skipped="0">
  <testcase classname="samplePackage.Bank" name="selectValue" time="19.512"/>
  <system-out/>
</testsuite> <!-- samplePackage.Bank -->
