<?xml version="1.0" encoding="UTF-8"?>
<!-- Generated by org.testng.reporters.JUnitReportReporter -->
<testsuite hostname="WIN-67665R6SBT9" failures="0" tests="1" name="samplePackage.EcommerceApple" time="25.281" errors="0" timestamp="2023-02-27T23:59:19 IST" skipped="0">
  <testcase classname="samplePackage.EcommerceApple" name="addFunctionality" time="25.281"/>
  <system-out/>
</testsuite> <!-- samplePackage.EcommerceApple -->
