<?xml version="1.0" encoding="UTF-8"?>
<!-- Generated by org.testng.reporters.JUnitReportReporter -->
<testsuite hostname="WIN-67665R6SBT9" failures="0" tests="1" name="samplePackage.Ecommerce" time="19.859" errors="0" timestamp="2023-02-19T00:53:15 IST" skipped="0">
  <testcase classname="samplePackage.Ecommerce" name="addFunctionality" time="19.859"/>
  <system-out/>
</testsuite> <!-- samplePackage.Ecommerce -->
