<?xml version="1.0" encoding="UTF-8"?>
<!-- Generated by org.testng.reporters.JUnitReportReporter -->
<testsuite hostname="WIN-67665R6SBT9" failures="0" tests="1" name="samplePackage.BankWithdraw" time="23.790" errors="0" timestamp="2023-02-20T11:42:40 IST" skipped="0">
  <testcase classname="samplePackage.BankWithdraw" name="selectValue" time="23.790"/>
  <system-out/>
</testsuite> <!-- samplePackage.BankWithdraw -->
