<?xml version="1.0" encoding="UTF-8"?>
<!-- Generated by org.testng.reporters.JUnitReportReporter -->
<testsuite hostname="WIN-67665R6SBT9" failures="0" tests="1" name="samplePackage.EcommerceAddToCart" time="46.377" errors="0" timestamp="2023-02-28T20:55:52 IST" skipped="0">
  <testcase classname="samplePackage.EcommerceAddToCart" name="addToCart" time="46.377"/>
  <system-out/>
</testsuite> <!-- samplePackage.EcommerceAddToCart -->
