<?xml version="1.0" encoding="UTF-8"?>
<!-- Generated by org.testng.reporters.JUnitReportReporter -->
<testsuite hostname="WIN-67665R6SBT9" failures="0" tests="1" name="samplePackage.EcommerceGiftVoucher" time="23.340" errors="0" timestamp="2023-02-28T21:07:57 IST" skipped="0">
  <testcase classname="samplePackage.EcommerceGiftVoucher" name="addFunctionality" time="23.340"/>
  <system-out/>
</testsuite> <!-- samplePackage.EcommerceGiftVoucher -->
