<?xml version="1.0" encoding="UTF-8"?>
<!-- Generated by org.testng.reporters.JUnitReportReporter -->
<testsuite hostname="WIN-67665R6SBT9" failures="0" tests="1" name="samplePackage.ChromeDriver" time="0.014" errors="1" timestamp="2023-02-16T20:51:15 IST" skipped="0">
  <testcase classname="samplePackage.ChromeDriver" name="addFunctionality" time="0.014">
    <error message="Unresolved compilation problems: 
	Cannot make a static reference to the non-static method chromedriver() from the type WebDriverManager
	Cannot invoke setup() on the primitive type void
	Syntax error on token &quot;)&quot;, delete this token
	The method timeouts() is undefined for the type Object
	Syntax error on token &quot;)&quot;, delete this token
	The method window() is undefined for the type Object
	The method get(String) is undefined for the type ChromeDriver
	The method sendKeys(String) is undefined for the type Object
	The method sendKeys(String) is undefined for the type Object
	The method click() is undefined for the type Object
	The method click() is undefined for the type Object
	The method click() is undefined for the type Object
" type="java.lang.Error">
      <![CDATA[java.lang.Error: Unresolved compilation problems: 
Cannot make a static reference to the non-static method chromedriver() from the type WebDriverManager
Cannot invoke setup() on the primitive type void
Syntax error on token ")", delete this token
The method timeouts() is undefined for the type Object
Syntax error on token ")", delete this token
The method window() is undefined for the type Object
The method get(String) is undefined for the type ChromeDriver
The method sendKeys(String) is undefined for the type Object
The method sendKeys(String) is undefined for the type Object
The method click() is undefined for the type Object
The method click() is undefined for the type Object
The method click() is undefined for the type Object

at samplePackage.ChromeDriver.addFunctionality(ChromeDriver.java:11)
at java.base/jdk.internal.reflect.NativeMethodAccessorImpl.invoke0(Native Method)
at java.base/jdk.internal.reflect.NativeMethodAccessorImpl.invoke(NativeMethodAccessorImpl.java:77)
at java.base/jdk.internal.reflect.DelegatingMethodAccessorImpl.invoke(DelegatingMethodAccessorImpl.java:43)
at java.base/java.lang.reflect.Method.invoke(Method.java:568)
at org.testng.internal.invokers.MethodInvocationHelper.invokeMethod(MethodInvocationHelper.java:139)
at org.testng.internal.invokers.TestInvoker.invokeMethod(TestInvoker.java:677)
at org.testng.internal.invokers.TestInvoker.invokeTestMethod(TestInvoker.java:221)
at org.testng.internal.invokers.MethodRunner.runInSequence(MethodRunner.java:50)
at org.testng.internal.invokers.TestInvoker$MethodInvocationAgent.invoke(TestInvoker.java:969)
at org.testng.internal.invokers.TestInvoker.invokeTestMethods(TestInvoker.java:194)
at org.testng.internal.invokers.TestMethodWorker.invokeTestMethods(TestMethodWorker.java:148)
at org.testng.internal.invokers.TestMethodWorker.run(TestMethodWorker.java:128)
at java.base/java.util.ArrayList.forEach(ArrayList.java:1511)
at org.testng.TestRunner.privateRun(TestRunner.java:829)
at org.testng.TestRunner.run(TestRunner.java:602)
at org.testng.SuiteRunner.runTest(SuiteRunner.java:437)
at org.testng.SuiteRunner.runSequentially(SuiteRunner.java:431)
at org.testng.SuiteRunner.privateRun(SuiteRunner.java:391)
at org.testng.SuiteRunner.run(SuiteRunner.java:330)
at org.testng.SuiteRunnerWorker.runSuite(SuiteRunnerWorker.java:52)
at org.testng.SuiteRunnerWorker.run(SuiteRunnerWorker.java:95)
at org.testng.TestNG.runSuitesSequentially(TestNG.java:1256)
at org.testng.TestNG.runSuitesLocally(TestNG.java:1176)
at org.testng.TestNG.runSuites(TestNG.java:1099)
at org.testng.TestNG.run(TestNG.java:1067)
at org.testng.remote.AbstractRemoteTestNG.run(AbstractRemoteTestNG.java:115)
at org.testng.remote.RemoteTestNG.initAndRun(RemoteTestNG.java:251)
at org.testng.remote.RemoteTestNG.main(RemoteTestNG.java:77)
]]>
    </error>
  </testcase> <!-- addFunctionality -->
  <system-out/>
</testsuite> <!-- samplePackage.ChromeDriver -->
