<?xml version="1.0" encoding="UTF-8"?>
<!-- Generated by org.testng.reporters.JUnitReportReporter -->
<testsuite hostname="WIN-67665R6SBT9" failures="0" tests="1" name="samplePackage.Missile" time="9.659" errors="0" timestamp="2023-02-18T20:43:39 IST" skipped="0">
  <testcase classname="samplePackage.Missile" name="selectValue" time="9.659"/>
  <system-out/>
</testsuite> <!-- samplePackage.Missile -->
