<?xml version="1.0" encoding="UTF-8"?>
<!-- Generated by org.testng.reporters.JUnitReportReporter -->
<testsuite hostname="WIN-67665R6SBT9" failures="0" tests="1" name="samplePackage.naukri" time="26.290" errors="0" timestamp="2023-02-27T21:19:04 IST" skipped="0">
  <testcase classname="samplePackage.naukri" name="workingOnWindows" time="26.290"/>
  <system-out/>
</testsuite> <!-- samplePackage.naukri -->
