<?xml version="1.0" encoding="UTF-8"?>
<!-- Generated by org.testng.reporters.JUnitReportReporter -->
<testsuite hostname="WIN-67665R6SBT9" failures="0" tests="1" name="samplePackage.EcommerceAccount" time="23.043" errors="0" timestamp="2023-02-27T16:59:22 IST" skipped="0">
  <testcase classname="samplePackage.EcommerceAccount" name="addFunctionality" time="23.043"/>
  <system-out/>
</testsuite> <!-- samplePackage.EcommerceAccount -->
