<?xml version="1.0" encoding="UTF-8"?>
<!-- Generated by org.testng.reporters.JUnitReportReporter -->
<testsuite hostname="WIN-67665R6SBT9" failures="0" tests="1" name="samplePackage.Angalan" time="23.546" errors="0" timestamp="2023-02-27T23:45:10 IST" skipped="0">
  <testcase classname="samplePackage.Angalan" name="AddFunctionality" time="23.546"/>
  <system-out/>
</testsuite> <!-- samplePackage.Angalan -->
