<?xml version="1.0" encoding="UTF-8"?>
<!-- Generated by org.testng.reporters.JUnitReportReporter -->
<testsuite hostname="WIN-67665R6SBT9" failures="0" tests="1" name="samplePackage.Book" time="9.331" errors="0" timestamp="2023-02-18T19:25:04 IST" skipped="0">
  <testcase classname="samplePackage.Book" name="selectsTag" time="9.331"/>
  <system-out/>
</testsuite> <!-- samplePackage.Book -->
