<?xml version="1.0" encoding="UTF-8"?>
<!-- Generated by org.testng.reporters.JUnitReportReporter -->
<testsuite hostname="WIN-67665R6SBT9" failures="0" tests="1" name="samplePackage.Courses" time="23.489" errors="0" timestamp="2023-02-21T20:34:11 IST" skipped="0">
  <testcase classname="samplePackage.Courses" name="printCorseDetails" time="23.489"/>
  <system-out/>
</testsuite> <!-- samplePackage.Courses -->
