<?xml version="1.0" encoding="UTF-8"?>
<!-- Generated by org.testng.reporters.JUnitReportReporter -->
<testsuite hostname="WIN-67665R6SBT9" failures="0" tests="1" name="samplePackage.CalculatorTesting" time="15.493" errors="0" timestamp="2023-02-18T13:51:25 IST" skipped="0">
  <testcase classname="samplePackage.CalculatorTesting" name="addFunctionality" time="15.493"/>
  <system-out/>
</testsuite> <!-- samplePackage.CalculatorTesting -->
